<?xml version="1.0" encoding="UTF-8"?>
<Site BuildName="Darwin-c++"
	BuildStamp="20230919-1725-Experimental"
	Name="Darrells-MacBook-Pro.local"
	Generator="ctest-3.27.5"
	CompilerName="/Applications/Xcode.app/Contents/Developer/Toolchains/XcodeDefault.xctoolchain/usr/bin/c++"
	CompilerVersion="15.0.0.15000040"
	OSName="macOS"
	Hostname="Darrells-MacBook-Pro.local"
	OSRelease="13.5.2"
	OSVersion="22G91"
	OSPlatform="arm64"
	Is64Bits="1"
	VendorString="IBM"
	VendorID="IBM"
	FamilyID="16777228"
	ModelID="2"
	ProcessorCacheSize="131072"
	NumberOfLogicalCPU="10"
	NumberOfPhysicalCPU="10"
	TotalVirtualMemory="4096"
	TotalPhysicalMemory="16384"
	LogicalProcessorsPerPhysical="10"
	ProcessorClockFrequency="0"
	>
	<Testing>
		<StartDateTime>Sep 19 13:28 EDT</StartDateTime>
		<StartTestTime>1695144529</StartTestTime>
		<TestList/>
		<EndDateTime>Sep 19 13:28 EDT</EndDateTime>
		<EndTestTime>1695144529</EndTestTime>
		<ElapsedMinutes>0</ElapsedMinutes>
	</Testing>
</Site>
